#-----------------------------------------------------------
# Vivado v2020.2 (64-bit)
# SW Build 3064766 on Wed Nov 18 09:12:45 MST 2020
# IP Build 3064653 on Wed Nov 18 14:17:31 MST 2020
# Start of session at: Mon Apr 25 18:41:54 2022
# Process ID: 13148
# Current directory: C:/DE1/digital-electronics-1/labs/Projekt/project_2
# Command line: vivado.exe -gui_launcher_event rodinguilauncherevent5648 C:\DE1\digital-electronics-1\labs\Projekt\project_2\project_2.xpr
# Log file: C:/DE1/digital-electronics-1/labs/Projekt/project_2/vivado.log
# Journal file: C:/DE1/digital-electronics-1/labs/Projekt/project_2\vivado.jou
#-----------------------------------------------------------
start_gui
open_project C:/DE1/digital-electronics-1/labs/Projekt/project_2/project_2.xpr
WARNING: [filemgmt 56-3] Default IP Output Path : Could not find the directory 'C:/DE1/digital-electronics-1/labs/Projekt/project_2/project_2.gen/sources_1'.
Scanning sources...
Finished scanning sources
INFO: [IP_Flow 19-234] Refreshing IP repositories
INFO: [IP_Flow 19-1704] No user IP repositories specified
INFO: [IP_Flow 19-2313] Loaded Vivado IP repository 'C:/Programy/Vivado/Vivado/2020.2/data/ip'.
exit
INFO: [Common 17-206] Exiting Vivado at Mon Apr 25 18:42:32 2022...
: peak = 1180.379 ; gain = 0.000
exit
INFO: [Common 17-206] Exiting Vivaexit
INFO: [Common 17-206] Exiting Vivado at Mon Apr 25 18:42:40 2022...
